2026-05-08 00:20:02 [WARN] com.zaxxer.hikari.pool.HikariPool - HikariPool-1 - Thread starvation or clock leap detected (housekeeper delta=17m25s287ms).
2026-05-08 00:55:40 [WARN] com.zaxxer.hikari.pool.HikariPool - HikariPool-1 - Thread starvation or clock leap detected (housekeeper delta=35m38s520ms).
2026-05-08 01:30:40 [WARN] com.zaxxer.hikari.pool.HikariPool - HikariPool-1 - Thread starvation or clock leap detected (housekeeper delta=34m59s492ms).
2026-05-08 02:36:02 [WARN] com.zaxxer.hikari.pool.HikariPool - HikariPool-1 - Thread starvation or clock leap detected (housekeeper delta=1h5m22s13ms).
2026-05-08 02:54:19 [WARN] com.zaxxer.hikari.pool.HikariPool - HikariPool-1 - Thread starvation or clock leap detected (housekeeper delta=18m17s694ms).
2026-05-08 03:43:17 [WARN] com.zaxxer.hikari.pool.HikariPool - HikariPool-1 - Thread starvation or clock leap detected (housekeeper delta=48m57s291ms).
2026-05-08 04:34:23 [WARN] com.zaxxer.hikari.pool.HikariPool - HikariPool-1 - Thread starvation or clock leap detected (housekeeper delta=51m6s225ms).
2026-05-08 04:51:26 [WARN] com.zaxxer.hikari.pool.HikariPool - HikariPool-1 - Thread starvation or clock leap detected (housekeeper delta=17m2s799ms).
2026-05-08 05:56:56 [WARN] com.zaxxer.hikari.pool.HikariPool - HikariPool-1 - Thread starvation or clock leap detected (housekeeper delta=1h5m30s35ms).
2026-05-08 06:16:30 [WARN] com.zaxxer.hikari.pool.HikariPool - HikariPool-1 - Thread starvation or clock leap detected (housekeeper delta=19m33s820ms).
2026-05-08 07:03:44 [WARN] com.zaxxer.hikari.pool.HikariPool - HikariPool-1 - Thread starvation or clock leap detected (housekeeper delta=47m14s420ms).
2026-05-08 07:37:35 [WARN] com.zaxxer.hikari.pool.HikariPool - HikariPool-1 - Thread starvation or clock leap detected (housekeeper delta=33m51s210ms).
2026-05-08 08:19:53 [WARN] com.zaxxer.hikari.pool.HikariPool - HikariPool-1 - Thread starvation or clock leap detected (housekeeper delta=42m17s470ms).
2026-05-08 08:31:59 [WARN] com.zaxxer.hikari.pool.HikariPool - HikariPool-1 - Thread starvation or clock leap detected (housekeeper delta=12m6s403ms).
2026-05-08 08:32:10 [INFO] org.springframework.orm.jpa.LocalContainerEntityManagerFactoryBean - Closing JPA EntityManagerFactory for persistence unit 'default'
2026-05-08 08:32:11 [INFO] com.zaxxer.hikari.HikariDataSource - HikariPool-1 - Shutdown initiated...
2026-05-08 08:32:11 [INFO] com.zaxxer.hikari.HikariDataSource - HikariPool-1 - Shutdown completed.
2026-05-08 08:32:42 [INFO] com.example.userapi.UserapiApplication - Starting UserapiApplication using Java 17.0.13 with PID 44888 (/Users/sonikumari/Desktop/JavaBeginerToAdvance/SpringBoot/userapi/target/classes started by sonikumari in /Users/sonikumari/Desktop/JavaBeginerToAdvance/SpringBoot/userapi)
2026-05-08 08:32:42 [DEBUG] com.example.userapi.UserapiApplication - Running with Spring Boot v3.3.5, Spring v6.1.14
2026-05-08 08:32:42 [INFO] com.example.userapi.UserapiApplication - No active profile set, falling back to 1 default profile: "default"
2026-05-08 08:32:42 [INFO] org.springframework.data.repository.config.RepositoryConfigurationDelegate - Bootstrapping Spring Data JPA repositories in DEFAULT mode.
2026-05-08 08:32:42 [INFO] org.springframework.data.repository.config.RepositoryConfigurationDelegate - Finished Spring Data repository scanning in 19 ms. Found 1 JPA repository interface.
2026-05-08 08:32:42 [INFO] org.springframework.boot.web.embedded.tomcat.TomcatWebServer - Tomcat initialized with port 8080 (http)
2026-05-08 08:32:42 [INFO] org.apache.catalina.core.StandardService - Starting service [Tomcat]
2026-05-08 08:32:42 [INFO] org.apache.catalina.core.StandardEngine - Starting Servlet engine: [Apache Tomcat/10.1.31]
2026-05-08 08:32:42 [INFO] org.apache.catalina.core.ContainerBase.[Tomcat].[localhost].[/] - Initializing Spring embedded WebApplicationContext
2026-05-08 08:32:42 [INFO] org.springframework.boot.web.servlet.context.ServletWebServerApplicationContext - Root WebApplicationContext: initialization completed in 721 ms
2026-05-08 08:32:42 [INFO] org.hibernate.jpa.internal.util.LogHelper - HHH000204: Processing PersistenceUnitInfo [name: default]
2026-05-08 08:32:42 [INFO] org.hibernate.Version - HHH000412: Hibernate ORM core version 6.5.3.Final
2026-05-08 08:32:42 [INFO] org.hibernate.cache.internal.RegionFactoryInitiator - HHH000026: Second-level cache disabled
2026-05-08 08:32:43 [INFO] org.springframework.orm.jpa.persistenceunit.SpringPersistenceUnitInfo - No LoadTimeWeaver setup: ignoring JPA class transformer
2026-05-08 08:32:43 [INFO] com.zaxxer.hikari.HikariDataSource - HikariPool-1 - Starting...
2026-05-08 08:32:43 [INFO] com.zaxxer.hikari.pool.HikariPool - HikariPool-1 - Added connection org.postgresql.jdbc.PgConnection@45b96e4c
2026-05-08 08:32:43 [INFO] com.zaxxer.hikari.HikariDataSource - HikariPool-1 - Start completed.
2026-05-08 08:32:43 [INFO] org.hibernate.engine.transaction.jta.platform.internal.JtaPlatformInitiator - HHH000489: No JTA platform available (set 'hibernate.transaction.jta.platform' to enable JTA platform integration)
2026-05-08 08:32:43 [INFO] org.springframework.orm.jpa.LocalContainerEntityManagerFactoryBean - Initialized JPA EntityManagerFactory for persistence unit 'default'
2026-05-08 08:32:43 [WARN] org.springframework.boot.autoconfigure.orm.jpa.JpaBaseConfiguration$JpaWebConfiguration - spring.jpa.open-in-view is enabled by default. Therefore, database queries may be performed during view rendering. Explicitly configure spring.jpa.open-in-view to disable this warning
2026-05-08 08:32:43 [WARN] org.springframework.boot.autoconfigure.security.servlet.UserDetailsServiceAutoConfiguration - 

Using generated security password: 56aeb4bf-41f9-4169-bf8c-83daa83c5e8c

This generated password is for development use only. Your security configuration must be updated before running your application in production.

2026-05-08 08:32:43 [INFO] org.springframework.security.config.annotation.authentication.configuration.InitializeUserDetailsBeanManagerConfigurer$InitializeUserDetailsManagerConfigurer - Global AuthenticationManager configured with UserDetailsService bean with name inMemoryUserDetailsManager
2026-05-08 08:32:44 [INFO] org.springframework.boot.web.embedded.tomcat.TomcatWebServer - Tomcat started on port 8080 (http) with context path '/'
2026-05-08 08:32:44 [INFO] com.example.userapi.UserapiApplication - Started UserapiApplication in 2.306 seconds (process running for 2.555)
2026-05-08 08:33:16 [INFO] org.apache.catalina.core.ContainerBase.[Tomcat].[localhost].[/] - Initializing Spring DispatcherServlet 'dispatcherServlet'
2026-05-08 08:33:16 [INFO] org.springframework.web.servlet.DispatcherServlet - Initializing Servlet 'dispatcherServlet'
2026-05-08 08:33:16 [INFO] org.springframework.web.servlet.DispatcherServlet - Completed initialization in 8 ms
2026-05-08 08:33:44 [INFO] com.example.userapi.config.LoggingFilter - Incoming Request -> Method: POST | URI: /auth/login
2026-05-08 08:37:11 [INFO] com.example.userapi.config.LoggingFilter - Incoming Request -> Method: GET | URI: /auth/profile
2026-05-08 08:38:57 [INFO] com.example.userapi.config.LoggingFilter - Incoming Request -> Method: GET | URI: /users/1
2026-05-08 08:39:11 [INFO] com.example.userapi.config.LoggingFilter - Incoming Request -> Method: GET | URI: /users/2
2026-05-08 08:39:23 [INFO] com.example.userapi.config.LoggingFilter - Incoming Request -> Method: GET | URI: /users/2
2026-05-08 08:39:41 [INFO] org.springframework.orm.jpa.LocalContainerEntityManagerFactoryBean - Closing JPA EntityManagerFactory for persistence unit 'default'
2026-05-08 08:39:41 [INFO] com.zaxxer.hikari.HikariDataSource - HikariPool-1 - Shutdown initiated...
2026-05-08 08:39:41 [INFO] com.zaxxer.hikari.HikariDataSource - HikariPool-1 - Shutdown completed.
